# JRE version: Java(TM) SE Runtime Environment (8.0_181-b13) (build 1.8.0_181-b13)
# Java VM: Java HotSpot(TM) 64-Bit Server VM (25.181-b13 mixed mode bsd-amd64 compressed oops)
Heap:
 par new generation   total 314560K, used 172257K [0x0000000780000000, 0x0000000795550000, 0x0000000795550000)
  eden space 279616K,  53% used [0x0000000780000000, 0x00000007890ff188, 0x0000000791110000)
  from space 34944K,  68% used [0x0000000793330000, 0x0000000794a692c0, 0x0000000795550000)
  to   space 34944K,   0% used [0x0000000791110000, 0x0000000791110000, 0x0000000793330000)
 concurrent mark-sweep generation total 699072K, used 2456K [0x0000000795550000, 0x00000007c0000000, 0x00000007c0000000)
 Metaspace       used 21667K, capacity 21900K, committed 22268K, reserved 1069056K
  class space    used 2771K, capacity 2856K, committed 2944K, reserved 1048576K
GC Heap History (4 events):
Event: 0.469 GC heap before
{Heap before GC invocations=0 (full 0):
 par new generation   total 314560K, used 44766K [0x0000000780000000, 0x0000000795550000, 0x0000000795550000)
  eden space 279616K,  16% used [0x0000000780000000, 0x0000000782bb7860, 0x0000000791110000)
  from space 34944K,   0% used [0x0000000791110000, 0x0000000791110000, 0x0000000793330000)
  to   space 34944K,   0% used [0x0000000793330000, 0x0000000793330000, 0x0000000795550000)
 concurrent mark-sweep generation total 699072K, used 0K [0x0000000795550000, 0x00000007c0000000, 0x00000007c0000000)
 Metaspace       used 10227K, capacity 10314K, committed 10496K, reserved 1058816K
  class space    used 1210K, capacity 1235K, committed 1280K, reserved 1048576K
Event: 0.486 GC heap after
Heap after GC invocations=1 (full 1):
 par new generation   total 314560K, used 0K [0x0000000780000000, 0x0000000795550000, 0x0000000795550000)
  eden space 279616K,   0% used [0x0000000780000000, 0x0000000780000000, 0x0000000791110000)
  from space 34944K,   0% used [0x0000000791110000, 0x0000000791110000, 0x0000000793330000)
  to   space 34944K,   0% used [0x0000000793330000, 0x0000000793330000, 0x0000000795550000)
 concurrent mark-sweep generation total 699072K, used 5624K [0x0000000795550000, 0x00000007c0000000, 0x00000007c0000000)
 Metaspace       used 10227K, capacity 10314K, committed 10496K, reserved 1058816K
  class space    used 1210K, capacity 1235K, committed 1280K, reserved 1048576K
}
Event: 2.350 GC heap before
{Heap before GC invocations=1 (full 1):
 par new generation   total 314560K, used 279616K [0x0000000780000000, 0x0000000795550000, 0x0000000795550000)
  eden space 279616K, 100% used [0x0000000780000000, 0x0000000791110000, 0x0000000791110000)
  from space 34944K,   0% used [0x0000000791110000, 0x0000000791110000, 0x0000000793330000)
  to   space 34944K,   0% used [0x0000000793330000, 0x0000000793330000, 0x0000000795550000)
 concurrent mark-sweep generation total 699072K, used 5624K [0x0000000795550000, 0x00000007c0000000, 0x00000007c0000000)
 Metaspace       used 18173K, capacity 18406K, committed 18688K, reserved 1064960K
  class space    used 2162K, capacity 2247K, committed 2304K, reserved 1048576K
Event: 2.365 GC heap after
Heap after GC invocations=2 (full 1):
 par new generation   total 314560K, used 23780K [0x0000000780000000, 0x0000000795550000, 0x0000000795550000)
  eden space 279616K,   0% used [0x0000000780000000, 0x0000000780000000, 0x0000000791110000)
  from space 34944K,  68% used [0x0000000793330000, 0x0000000794a692c0, 0x0000000795550000)
  to   space 34944K,   0% used [0x0000000791110000, 0x0000000791110000, 0x0000000793330000)
 concurrent mark-sweep generation total 699072K, used 5624K [0x0000000795550000, 0x00000007c0000000, 0x00000007c0000000)
 Metaspace       used 18173K, capacity 18406K, committed 18688K, reserved 1064960K
  class space    used 2162K, capacity 2247K, committed 2304K, reserved 1048576K
}

