# JRE version: Java(TM) SE Runtime Environment (8.0_181-b13) (build 1.8.0_181-b13)
# Java VM: Java HotSpot(TM) 64-Bit Server VM (25.181-b13 mixed mode bsd-amd64 compressed oops)
Heap:
 par new generation   total 314560K, used 137613K [0x0000000780000000, 0x0000000795550000, 0x0000000795550000)
  eden space 279616K,  43% used [0x0000000780000000, 0x00000007875f0e88, 0x0000000791110000)
  from space 34944K,  48% used [0x0000000793330000, 0x00000007943a2920, 0x0000000795550000)
  to   space 34944K,   0% used [0x0000000791110000, 0x0000000791110000, 0x0000000793330000)
 concurrent mark-sweep generation total 699072K, used 139580K [0x0000000795550000, 0x00000007c0000000, 0x00000007c0000000)
 Metaspace       used 44256K, capacity 44717K, committed 45132K, reserved 1089536K
  class space    used 4962K, capacity 5101K, committed 5196K, reserved 1048576K
GC Heap History (10 events):
Event: 27.640 GC heap before
{Heap before GC invocations=12 (full 7):
 par new generation   total 314560K, used 0K [0x0000000780000000, 0x0000000795550000, 0x0000000795550000)
  eden space 279616K,   0% used [0x0000000780000000, 0x0000000780000000, 0x0000000791110000)
  from space 34944K,   0% used [0x0000000791110000, 0x0000000791110000, 0x0000000793330000)
  to   space 34944K,   0% used [0x0000000793330000, 0x0000000793330000, 0x0000000795550000)
 concurrent mark-sweep generation total 699072K, used 116018K [0x0000000795550000, 0x00000007c0000000, 0x00000007c0000000)
 Metaspace       used 35185K, capacity 35505K, committed 36044K, reserved 1081344K
  class space    used 4122K, capacity 4233K, committed 4300K, reserved 1048576K
Event: 27.766 GC heap after
Heap after GC invocations=13 (full 8):
 par new generation   total 314560K, used 0K [0x0000000780000000, 0x0000000795550000, 0x0000000795550000)
  eden space 279616K,   0% used [0x0000000780000000, 0x0000000780000000, 0x0000000791110000)
  from space 34944K,   0% used [0x0000000791110000, 0x0000000791110000, 0x0000000793330000)
  to   space 34944K,   0% used [0x0000000793330000, 0x0000000793330000, 0x0000000795550000)
 concurrent mark-sweep generation total 699072K, used 116018K [0x0000000795550000, 0x00000007c0000000, 0x00000007c0000000)
 Metaspace       used 35185K, capacity 35505K, committed 36044K, reserved 1081344K
  class space    used 4122K, capacity 4233K, committed 4300K, reserved 1048576K
}
Event: 28.754 GC heap before
{Heap before GC invocations=13 (full 9):
 par new generation   total 314560K, used 279616K [0x0000000780000000, 0x0000000795550000, 0x0000000795550000)
  eden space 279616K, 100% used [0x0000000780000000, 0x0000000791110000, 0x0000000791110000)
  from space 34944K,   0% used [0x0000000791110000, 0x0000000791110000, 0x0000000793330000)
  to   space 34944K,   0% used [0x0000000793330000, 0x0000000793330000, 0x0000000795550000)
 concurrent mark-sweep generation total 699072K, used 115561K [0x0000000795550000, 0x00000007c0000000, 0x00000007c0000000)
 Metaspace       used 39869K, capacity 40275K, committed 40652K, reserved 1085440K
  class space    used 4635K, capacity 4788K, committed 4812K, reserved 1048576K
Event: 28.761 GC heap after
Heap after GC invocations=14 (full 9):
 par new generation   total 314560K, used 32279K [0x0000000780000000, 0x0000000795550000, 0x0000000795550000)
  eden space 279616K,   0% used [0x0000000780000000, 0x0000000780000000, 0x0000000791110000)
  from space 34944K,  92% used [0x0000000793330000, 0x00000007952b5fb8, 0x0000000795550000)
  to   space 34944K,   0% used [0x0000000791110000, 0x0000000791110000, 0x0000000793330000)
 concurrent mark-sweep generation total 699072K, used 115561K [0x0000000795550000, 0x00000007c0000000, 0x00000007c0000000)
 Metaspace       used 39869K, capacity 40275K, committed 40652K, reserved 1085440K
  class space    used 4635K, capacity 4788K, committed 4812K, reserved 1048576K
}
Event: 28.763 GC heap before
{Heap before GC invocations=14 (full 9):
 par new generation   total 314560K, used 41269K [0x0000000780000000, 0x0000000795550000, 0x0000000795550000)
  eden space 279616K,   3% used [0x0000000780000000, 0x00000007808c77f0, 0x0000000791110000)
  from space 34944K,  92% used [0x0000000793330000, 0x00000007952b5fb8, 0x0000000795550000)
  to   space 34944K,   0% used [0x0000000791110000, 0x0000000791110000, 0x0000000793330000)
 concurrent mark-sweep generation total 699072K, used 115561K [0x0000000795550000, 0x00000007c0000000, 0x00000007c0000000)
 Metaspace       used 39895K, capacity 40275K, committed 40652K, reserved 1085440K
  class space    used 4637K, capacity 4788K, committed 4812K, reserved 1048576K
Event: 28.933 GC heap after
Heap after GC invocations=15 (full 10):
 par new generation   total 314560K, used 0K [0x0000000780000000, 0x0000000795550000, 0x0000000795550000)
  eden space 279616K,   0% used [0x0000000780000000, 0x0000000780000000, 0x0000000791110000)
  from space 34944K,   0% used [0x0000000793330000, 0x0000000793330000, 0x0000000795550000)
  to   space 34944K,   0% used [0x0000000791110000, 0x0000000791110000, 0x0000000793330000)
 concurrent mark-sweep generation total 699072K, used 141938K [0x0000000795550000, 0x00000007c0000000, 0x00000007c0000000)
 Metaspace       used 39895K, capacity 40275K, committed 40652K, reserved 1085440K
  class space    used 4637K, capacity 4788K, committed 4812K, reserved 1048576K
}
Event: 31.205 GC heap before
{Heap before GC invocations=15 (full 11):
 par new generation   total 314560K, used 279616K [0x0000000780000000, 0x0000000795550000, 0x0000000795550000)
  eden space 279616K, 100% used [0x0000000780000000, 0x0000000791110000, 0x0000000791110000)
  from space 34944K,   0% used [0x0000000793330000, 0x0000000793330000, 0x0000000795550000)
  to   space 34944K,   0% used [0x0000000791110000, 0x0000000791110000, 0x0000000793330000)
 concurrent mark-sweep generation total 699072K, used 141938K [0x0000000795550000, 0x00000007c0000000, 0x00000007c0000000)
 Metaspace       used 43324K, capacity 43745K, committed 44236K, reserved 1089536K
  class space    used 4914K, capacity 5035K, committed 5068K, reserved 1048576K
Event: 31.208 GC heap after
Heap after GC invocations=16 (full 11):
 par new generation   total 314560K, used 24631K [0x0000000780000000, 0x0000000795550000, 0x0000000795550000)
  eden space 279616K,   0% used [0x0000000780000000, 0x0000000780000000, 0x0000000791110000)
  from space 34944K,  70% used [0x0000000791110000, 0x000000079291dd00, 0x0000000793330000)
  to   space 34944K,   0% used [0x0000000793330000, 0x0000000793330000, 0x0000000795550000)
 concurrent mark-sweep generation total 699072K, used 141938K [0x0000000795550000, 0x00000007c0000000, 0x00000007c0000000)
 Metaspace       used 43324K, capacity 43745K, committed 44236K, reserved 1089536K
  class space    used 4914K, capacity 5035K, committed 5068K, reserved 1048576K
}
Event: 34.404 GC heap before
{Heap before GC invocations=16 (full 11):
 par new generation   total 314560K, used 304247K [0x0000000780000000, 0x0000000795550000, 0x0000000795550000)
  eden space 279616K, 100% used [0x0000000780000000, 0x0000000791110000, 0x0000000791110000)
  from space 34944K,  70% used [0x0000000791110000, 0x000000079291dd00, 0x0000000793330000)
  to   space 34944K,   0% used [0x0000000793330000, 0x0000000793330000, 0x0000000795550000)
 concurrent mark-sweep generation total 699072K, used 139580K [0x0000000795550000, 0x00000007c0000000, 0x00000007c0000000)
 Metaspace       used 43878K, capacity 44333K, committed 44876K, reserved 1089536K
  class space    used 4943K, capacity 5101K, committed 5196K, reserved 1048576K
Event: 34.407 GC heap after
Heap after GC invocations=17 (full 11):
 par new generation   total 314560K, used 16842K [0x0000000780000000, 0x0000000795550000, 0x0000000795550000)
  eden space 279616K,   0% used [0x0000000780000000, 0x0000000780000000, 0x0000000791110000)
  from space 34944K,  48% used [0x0000000793330000, 0x00000007943a2920, 0x0000000795550000)
  to   space 34944K,   0% used [0x0000000791110000, 0x0000000791110000, 0x0000000793330000)
 concurrent mark-sweep generation total 699072K, used 139580K [0x0000000795550000, 0x00000007c0000000, 0x00000007c0000000)
 Metaspace       used 43878K, capacity 44333K, committed 44876K, reserved 1089536K
  class space    used 4943K, capacity 5101K, committed 5196K, reserved 1048576K
}

