# JRE version: Java(TM) SE Runtime Environment (8.0_181-b13) (build 1.8.0_181-b13)
# Java VM: Java HotSpot(TM) 64-Bit Server VM (25.181-b13 mixed mode bsd-amd64 compressed oops)
Heap:
 par new generation   total 314560K, used 27550K [0x0000000780000000, 0x0000000795550000, 0x0000000795550000)
  eden space 279616K,   7% used [0x0000000780000000, 0x00000007815315d0, 0x0000000791110000)
  from space 34944K,  16% used [0x0000000791110000, 0x00000007916c6480, 0x0000000793330000)
  to   space 34944K,   0% used [0x0000000793330000, 0x0000000793330000, 0x0000000795550000)
 concurrent mark-sweep generation total 699072K, used 287775K [0x0000000795550000, 0x00000007c0000000, 0x00000007c0000000)
 Metaspace       used 53040K, capacity 53529K, committed 54256K, reserved 1097728K
  class space    used 5372K, capacity 5540K, committed 5628K, reserved 1048576K
GC Heap History (10 events):
Event: 127.919 GC heap before
{Heap before GC invocations=41 (full 17):
 par new generation   total 314560K, used 277934K [0x0000000780000000, 0x0000000795550000, 0x0000000795550000)
  eden space 279616K,  97% used [0x0000000780000000, 0x0000000790af1ad8, 0x0000000791110000)
  from space 34944K,  13% used [0x0000000793330000, 0x00000007937aa058, 0x0000000795550000)
  to   space 34944K,   0% used [0x0000000791110000, 0x0000000791110000, 0x0000000793330000)
 concurrent mark-sweep generation total 699072K, used 287421K [0x0000000795550000, 0x00000007c0000000, 0x00000007c0000000)
 Metaspace       used 52785K, capacity 53241K, committed 54000K, reserved 1097728K
  class space    used 5359K, capacity 5508K, committed 5628K, reserved 1048576K
Event: 127.921 GC heap after
Heap after GC invocations=42 (full 17):
 par new generation   total 314560K, used 3807K [0x0000000780000000, 0x0000000795550000, 0x0000000795550000)
  eden space 279616K,   0% used [0x0000000780000000, 0x0000000780000000, 0x0000000791110000)
  from space 34944K,  10% used [0x0000000791110000, 0x00000007914c7fb0, 0x0000000793330000)
  to   space 34944K,   0% used [0x0000000793330000, 0x0000000793330000, 0x0000000795550000)
 concurrent mark-sweep generation total 699072K, used 287650K [0x0000000795550000, 0x00000007c0000000, 0x00000007c0000000)
 Metaspace       used 52785K, capacity 53241K, committed 54000K, reserved 1097728K
  class space    used 5359K, capacity 5508K, committed 5628K, reserved 1048576K
}
Event: 131.094 GC heap before
{Heap before GC invocations=42 (full 18):
 par new generation   total 314560K, used 283423K [0x0000000780000000, 0x0000000795550000, 0x0000000795550000)
  eden space 279616K, 100% used [0x0000000780000000, 0x0000000791110000, 0x0000000791110000)
  from space 34944K,  10% used [0x0000000791110000, 0x00000007914c7fb0, 0x0000000793330000)
  to   space 34944K,   0% used [0x0000000793330000, 0x0000000793330000, 0x0000000795550000)
 concurrent mark-sweep generation total 699072K, used 287650K [0x0000000795550000, 0x00000007c0000000, 0x00000007c0000000)
 Metaspace       used 52960K, capacity 53465K, committed 54000K, reserved 1097728K
  class space    used 5363K, capacity 5540K, committed 5628K, reserved 1048576K
Event: 131.095 GC heap after
Heap after GC invocations=43 (full 18):
 par new generation   total 314560K, used 4213K [0x0000000780000000, 0x0000000795550000, 0x0000000795550000)
  eden space 279616K,   0% used [0x0000000780000000, 0x0000000780000000, 0x0000000791110000)
  from space 34944K,  12% used [0x0000000793330000, 0x000000079374d4e8, 0x0000000795550000)
  to   space 34944K,   0% used [0x0000000791110000, 0x0000000791110000, 0x0000000793330000)
 concurrent mark-sweep generation total 699072K, used 287842K [0x0000000795550000, 0x00000007c0000000, 0x00000007c0000000)
 Metaspace       used 52960K, capacity 53465K, committed 54000K, reserved 1097728K
  class space    used 5363K, capacity 5540K, committed 5628K, reserved 1048576K
}
Event: 135.492 GC heap before
{Heap before GC invocations=43 (full 18):
 par new generation   total 314560K, used 283829K [0x0000000780000000, 0x0000000795550000, 0x0000000795550000)
  eden space 279616K, 100% used [0x0000000780000000, 0x0000000791110000, 0x0000000791110000)
  from space 34944K,  12% used [0x0000000793330000, 0x000000079374d4e8, 0x0000000795550000)
  to   space 34944K,   0% used [0x0000000791110000, 0x0000000791110000, 0x0000000793330000)
 concurrent mark-sweep generation total 699072K, used 287842K [0x0000000795550000, 0x00000007c0000000, 0x00000007c0000000)
 Metaspace       used 52968K, capacity 53465K, committed 54000K, reserved 1097728K
  class space    used 5363K, capacity 5540K, committed 5628K, reserved 1048576K
Event: 135.495 GC heap after
Heap after GC invocations=44 (full 18):
 par new generation   total 314560K, used 5641K [0x0000000780000000, 0x0000000795550000, 0x0000000795550000)
  eden space 279616K,   0% used [0x0000000780000000, 0x0000000780000000, 0x0000000791110000)
  from space 34944K,  16% used [0x0000000791110000, 0x00000007916924f8, 0x0000000793330000)
  to   space 34944K,   0% used [0x0000000793330000, 0x0000000793330000, 0x0000000795550000)
 concurrent mark-sweep generation total 699072K, used 287978K [0x0000000795550000, 0x00000007c0000000, 0x00000007c0000000)
 Metaspace       used 52968K, capacity 53465K, committed 54000K, reserved 1097728K
  class space    used 5363K, capacity 5540K, committed 5628K, reserved 1048576K
}
Event: 140.339 GC heap before
{Heap before GC invocations=44 (full 18):
 par new generation   total 314560K, used 285257K [0x0000000780000000, 0x0000000795550000, 0x0000000795550000)
  eden space 279616K, 100% used [0x0000000780000000, 0x0000000791110000, 0x0000000791110000)
  from space 34944K,  16% used [0x0000000791110000, 0x00000007916924f8, 0x0000000793330000)
  to   space 34944K,   0% used [0x0000000793330000, 0x0000000793330000, 0x0000000795550000)
 concurrent mark-sweep generation total 699072K, used 287001K [0x0000000795550000, 0x00000007c0000000, 0x00000007c0000000)
 Metaspace       used 52968K, capacity 53465K, committed 54000K, reserved 1097728K
  class space    used 5363K, capacity 5540K, committed 5628K, reserved 1048576K
Event: 140.341 GC heap after
Heap after GC invocations=45 (full 18):
 par new generation   total 314560K, used 5828K [0x0000000780000000, 0x0000000795550000, 0x0000000795550000)
  eden space 279616K,   0% used [0x0000000780000000, 0x0000000780000000, 0x0000000791110000)
  from space 34944K,  16% used [0x0000000793330000, 0x00000007938e1120, 0x0000000795550000)
  to   space 34944K,   0% used [0x0000000791110000, 0x0000000791110000, 0x0000000793330000)
 concurrent mark-sweep generation total 699072K, used 287388K [0x0000000795550000, 0x00000007c0000000, 0x00000007c0000000)
 Metaspace       used 52968K, capacity 53465K, committed 54000K, reserved 1097728K
  class space    used 5363K, capacity 5540K, committed 5628K, reserved 1048576K
}
Event: 145.241 GC heap before
{Heap before GC invocations=45 (full 18):
 par new generation   total 314560K, used 285444K [0x0000000780000000, 0x0000000795550000, 0x0000000795550000)
  eden space 279616K, 100% used [0x0000000780000000, 0x0000000791110000, 0x0000000791110000)
  from space 34944K,  16% used [0x0000000793330000, 0x00000007938e1120, 0x0000000795550000)
  to   space 34944K,   0% used [0x0000000791110000, 0x0000000791110000, 0x0000000793330000)
 concurrent mark-sweep generation total 699072K, used 287388K [0x0000000795550000, 0x00000007c0000000, 0x00000007c0000000)
 Metaspace       used 52975K, capacity 53465K, committed 54000K, reserved 1097728K
  class space    used 5363K, capacity 5540K, committed 5628K, reserved 1048576K
Event: 145.243 GC heap after
Heap after GC invocations=46 (full 18):
 par new generation   total 314560K, used 5849K [0x0000000780000000, 0x0000000795550000, 0x0000000795550000)
  eden space 279616K,   0% used [0x0000000780000000, 0x0000000780000000, 0x0000000791110000)
  from space 34944K,  16% used [0x0000000791110000, 0x00000007916c6480, 0x0000000793330000)
  to   space 34944K,   0% used [0x0000000793330000, 0x0000000793330000, 0x0000000795550000)
 concurrent mark-sweep generation total 699072K, used 287775K [0x0000000795550000, 0x00000007c0000000, 0x00000007c0000000)
 Metaspace       used 52975K, capacity 53465K, committed 54000K, reserved 1097728K
  class space    used 5363K, capacity 5540K, committed 5628K, reserved 1048576K
}

